2013/09/04 01:24:26 [error] [exception.CDbException] exception 'CDbException' with message 'CDbConnection failed to open the DB connection: could not find driver' in /media/particionWindows/sitios/yii-1.1.14.f0fee9/framework/db/CDbConnection.php:382
Stack trace:
#0 /media/particionWindows/sitios/yii-1.1.14.f0fee9/framework/db/CDbConnection.php(330): CDbConnection->open()
#1 /media/particionWindows/sitios/yii-1.1.14.f0fee9/framework/db/CDbConnection.php(308): CDbConnection->setActive(true)
#2 /media/particionWindows/sitios/yii-1.1.14.f0fee9/framework/base/CModule.php(387): CDbConnection->init()
#3 /media/particionWindows/sitios/yii-1.1.14.f0fee9/framework/base/CModule.php(103): CModule->getComponent('db')
#4 /media/particionWindows/sitios/yii-1.1.14.f0fee9/framework/gii/generators/model/ModelCode.php(60): CModule->__get('db')
#5 /media/particionWindows/sitios/yii-1.1.14.f0fee9/framework/web/CFormModel.php(39): ModelCode->init()
#6 /media/particionWindows/sitios/yii-1.1.14.f0fee9/framework/gii/CCodeGenerator.php(153): CFormModel->__construct()
#7 /media/particionWindows/sitios/yii-1.1.14.f0fee9/framework/gii/CCodeGenerator.php(63): CCodeGenerator->prepare()
#8 /media/particionWindows/sitios/yii-1.1.14.f0fee9/framework/web/actions/CInlineAction.php(49): CCodeGenerator->actionIndex()
#9 /media/particionWindows/sitios/yii-1.1.14.f0fee9/framework/web/CController.php(308): CInlineAction->runWithParams(Array)
#10 /media/particionWindows/sitios/yii-1.1.14.f0fee9/framework/web/CController.php(286): CController->runAction(Object(CInlineAction))
#11 /media/particionWindows/sitios/yii-1.1.14.f0fee9/framework/web/CController.php(265): CController->runActionWithFilters(Object(CInlineAction), Array)
#12 /media/particionWindows/sitios/yii-1.1.14.f0fee9/framework/web/CWebApplication.php(282): CController->run('index')
#13 /media/particionWindows/sitios/yii-1.1.14.f0fee9/framework/web/CWebApplication.php(141): CWebApplication->runController('gii/model/index')
#14 /media/particionWindows/sitios/yii-1.1.14.f0fee9/framework/base/CApplication.php(180): CWebApplication->processRequest()
#15 /media/particionWindows/sitios/directoriominero/index.php(13): CApplication->run()
#16 {main}
REQUEST_URI=/index.php?r=gii/model/index
HTTP_REFERER=http://www.directoriominero.org/index.php?r=gii/default/index
---
2013/09/04 01:49:10 [error] [exception.CException] exception 'CException' with message 'Property "Directorio.email_acceso" is not defined.' in /media/particionWindows/sitios/yii-1.1.14.f0fee9/framework/base/CComponent.php:130
Stack trace:
#0 /media/particionWindows/sitios/yii-1.1.14.f0fee9/framework/db/ar/CActiveRecord.php(145): CComponent->__get('email_acceso')
#1 /media/particionWindows/sitios/yii-1.1.14.f0fee9/framework/web/helpers/CHtml.php(2529): CActiveRecord->__get('email_acceso')
#2 /media/particionWindows/sitios/yii-1.1.14.f0fee9/framework/web/helpers/CHtml.php(2252): CHtml::resolveValue(Object(Directorio), 'email_acceso')
#3 /media/particionWindows/sitios/yii-1.1.14.f0fee9/framework/web/helpers/CHtml.php(1434): CHtml::activeInputField('text', Object(Directorio), 'email_acceso', Array)
#4 /media/particionWindows/sitios/yii-1.1.14.f0fee9/framework/web/widgets/CActiveForm.php(725): CHtml::activeTextField(Object(Directorio), 'email_acceso', Array)
#5 /media/particionWindows/sitios/directoriominero/protected/views/directorio/_form.php(24): CActiveForm->textField(Object(Directorio), 'email_acceso', Array)
#6 /media/particionWindows/sitios/yii-1.1.14.f0fee9/framework/web/CBaseController.php(126): require('/media/particio...')
#7 /media/particionWindows/sitios/yii-1.1.14.f0fee9/framework/web/CBaseController.php(95): CBaseController->renderInternal('/media/particio...', Array, true)
#8 /media/particionWindows/sitios/yii-1.1.14.f0fee9/framework/web/CController.php(869): CBaseController->renderFile('/media/particio...', Array, true)
#9 /media/particionWindows/sitios/directoriominero/protected/views/directorio/create.php(18): CController->renderPartial('_form', Array)
#10 /media/particionWindows/sitios/yii-1.1.14.f0fee9/framework/web/CBaseController.php(126): require('/media/particio...')
#11 /media/particionWindows/sitios/yii-1.1.14.f0fee9/framework/web/CBaseController.php(95): CBaseController->renderInternal('/media/particio...', Array, true)
#12 /media/particionWindows/sitios/yii-1.1.14.f0fee9/framework/web/CController.php(869): CBaseController->renderFile('/media/particio...', Array, true)
#13 /media/particionWindows/sitios/yii-1.1.14.f0fee9/framework/web/CController.php(782): CController->renderPartial('create', Array, true)
#14 /media/particionWindows/sitios/directoriominero/protected/controllers/DirectorioController.php(79): CController->render('create', Array)
#15 /media/particionWindows/sitios/yii-1.1.14.f0fee9/framework/web/actions/CInlineAction.php(49): DirectorioController->actionCreate()
#16 /media/particionWindows/sitios/yii-1.1.14.f0fee9/framework/web/CController.php(308): CInlineAction->runWithParams(Array)
#17 /media/particionWindows/sitios/yii-1.1.14.f0fee9/framework/web/filters/CFilterChain.php(133): CController->runAction(Object(CInlineAction))
#18 /media/particionWindows/sitios/yii-1.1.14.f0fee9/framework/web/filters/CFilter.php(40): CFilterChain->run()
#19 /media/particionWindows/sitios/yii-1.1.14.f0fee9/framework/web/CController.php(1145): CFilter->filter(Object(CFilterChain))
#20 /media/particionWindows/sitios/yii-1.1.14.f0fee9/framework/web/filters/CInlineFilter.php(58): CController->filterAccessControl(Object(CFilterChain))
#21 /media/particionWindows/sitios/yii-1.1.14.f0fee9/framework/web/filters/CFilterChain.php(130): CInlineFilter->filter(Object(CFilterChain))
#22 /media/particionWindows/sitios/yii-1.1.14.f0fee9/framework/web/CController.php(291): CFilterChain->run()
#23 /media/particionWindows/sitios/yii-1.1.14.f0fee9/framework/web/CController.php(265): CController->runActionWithFilters(Object(CInlineAction), Array)
#24 /media/particionWindows/sitios/yii-1.1.14.f0fee9/framework/web/CWebApplication.php(282): CController->run('create')
#25 /media/particionWindows/sitios/yii-1.1.14.f0fee9/framework/web/CWebApplication.php(141): CWebApplication->runController('directorio/crea...')
#26 /media/particionWindows/sitios/yii-1.1.14.f0fee9/framework/base/CApplication.php(180): CWebApplication->processRequest()
#27 /media/particionWindows/sitios/directoriominero/index.php(13): CApplication->run()
#28 {main}
REQUEST_URI=/index.php?r=directorio/create
---
2013/09/04 02:27:20 [error] [system.db.CDbCommand] CDbCommand::fetchAll() failed: SQLSTATE[42S02]: Base table or view not found: 1146 Table 'directoriominero.directorio' doesn't exist. The SQL statement executed was: SHOW FULL COLUMNS FROM `directorio`.
in /media/particionWindows/sitios/directoriominero/protected/controllers/DirectorioController.php (65)
in /media/particionWindows/sitios/directoriominero/index.php (13)
2013/09/04 02:27:20 [error] [exception.CDbException] exception 'CDbException' with message 'The table "directorio" for active record class "Directorio" cannot be found in the database.' in /media/particionWindows/sitios/yii-1.1.14.f0fee9/framework/db/ar/CActiveRecord.php:2362
Stack trace:
#0 /media/particionWindows/sitios/yii-1.1.14.f0fee9/framework/db/ar/CActiveRecord.php(411): CActiveRecordMetaData->__construct(Object(Directorio))
#1 /media/particionWindows/sitios/yii-1.1.14.f0fee9/framework/db/ar/CActiveRecord.php(79): CActiveRecord->getMetaData()
#2 /media/particionWindows/sitios/directoriominero/protected/controllers/DirectorioController.php(65): CActiveRecord->__construct()
#3 /media/particionWindows/sitios/yii-1.1.14.f0fee9/framework/web/actions/CInlineAction.php(49): DirectorioController->actionCreate()
#4 /media/particionWindows/sitios/yii-1.1.14.f0fee9/framework/web/CController.php(308): CInlineAction->runWithParams(Array)
#5 /media/particionWindows/sitios/yii-1.1.14.f0fee9/framework/web/filters/CFilterChain.php(133): CController->runAction(Object(CInlineAction))
#6 /media/particionWindows/sitios/yii-1.1.14.f0fee9/framework/web/filters/CFilter.php(40): CFilterChain->run()
#7 /media/particionWindows/sitios/yii-1.1.14.f0fee9/framework/web/CController.php(1145): CFilter->filter(Object(CFilterChain))
#8 /media/particionWindows/sitios/yii-1.1.14.f0fee9/framework/web/filters/CInlineFilter.php(58): CController->filterAccessControl(Object(CFilterChain))
#9 /media/particionWindows/sitios/yii-1.1.14.f0fee9/framework/web/filters/CFilterChain.php(130): CInlineFilter->filter(Object(CFilterChain))
#10 /media/particionWindows/sitios/yii-1.1.14.f0fee9/framework/web/CController.php(291): CFilterChain->run()
#11 /media/particionWindows/sitios/yii-1.1.14.f0fee9/framework/web/CController.php(265): CController->runActionWithFilters(Object(CInlineAction), Array)
#12 /media/particionWindows/sitios/yii-1.1.14.f0fee9/framework/web/CWebApplication.php(282): CController->run('create')
#13 /media/particionWindows/sitios/yii-1.1.14.f0fee9/framework/web/CWebApplication.php(141): CWebApplication->runController('directorio/crea...')
#14 /media/particionWindows/sitios/yii-1.1.14.f0fee9/framework/base/CApplication.php(180): CWebApplication->processRequest()
#15 /media/particionWindows/sitios/directoriominero/index.php(13): CApplication->run()
#16 {main}
REQUEST_URI=/index.php?r=directorio/create
---
2013/09/04 03:02:44 [error] [system.db.CDbCommand] CDbCommand::fetchAll() failed: SQLSTATE[42S02]: Base table or view not found: 1146 Table 'directoriominero.directorio' doesn't exist. The SQL statement executed was: SHOW FULL COLUMNS FROM `directorio`.
in /media/particionWindows/sitios/directoriominero/protected/controllers/DirectorioController.php (65)
in /media/particionWindows/sitios/directoriominero/index.php (13)
2013/09/04 03:02:44 [error] [exception.CDbException] exception 'CDbException' with message 'The table "directorio" for active record class "Directorio" cannot be found in the database.' in /media/particionWindows/sitios/yii-1.1.14.f0fee9/framework/db/ar/CActiveRecord.php:2362
Stack trace:
#0 /media/particionWindows/sitios/yii-1.1.14.f0fee9/framework/db/ar/CActiveRecord.php(411): CActiveRecordMetaData->__construct(Object(Directorio))
#1 /media/particionWindows/sitios/yii-1.1.14.f0fee9/framework/db/ar/CActiveRecord.php(79): CActiveRecord->getMetaData()
#2 /media/particionWindows/sitios/directoriominero/protected/controllers/DirectorioController.php(65): CActiveRecord->__construct()
#3 /media/particionWindows/sitios/yii-1.1.14.f0fee9/framework/web/actions/CInlineAction.php(49): DirectorioController->actionCreate()
#4 /media/particionWindows/sitios/yii-1.1.14.f0fee9/framework/web/CController.php(308): CInlineAction->runWithParams(Array)
#5 /media/particionWindows/sitios/yii-1.1.14.f0fee9/framework/web/filters/CFilterChain.php(133): CController->runAction(Object(CInlineAction))
#6 /media/particionWindows/sitios/yii-1.1.14.f0fee9/framework/web/filters/CFilter.php(40): CFilterChain->run()
#7 /media/particionWindows/sitios/yii-1.1.14.f0fee9/framework/web/CController.php(1145): CFilter->filter(Object(CFilterChain))
#8 /media/particionWindows/sitios/yii-1.1.14.f0fee9/framework/web/filters/CInlineFilter.php(58): CController->filterAccessControl(Object(CFilterChain))
#9 /media/particionWindows/sitios/yii-1.1.14.f0fee9/framework/web/filters/CFilterChain.php(130): CInlineFilter->filter(Object(CFilterChain))
#10 /media/particionWindows/sitios/yii-1.1.14.f0fee9/framework/web/CController.php(291): CFilterChain->run()
#11 /media/particionWindows/sitios/yii-1.1.14.f0fee9/framework/web/CController.php(265): CController->runActionWithFilters(Object(CInlineAction), Array)
#12 /media/particionWindows/sitios/yii-1.1.14.f0fee9/framework/web/CWebApplication.php(282): CController->run('create')
#13 /media/particionWindows/sitios/yii-1.1.14.f0fee9/framework/web/CWebApplication.php(141): CWebApplication->runController('directorio/crea...')
#14 /media/particionWindows/sitios/yii-1.1.14.f0fee9/framework/base/CApplication.php(180): CWebApplication->processRequest()
#15 /media/particionWindows/sitios/directoriominero/index.php(13): CApplication->run()
#16 {main}
REQUEST_URI=/index.php?r=directorio/create
---
2013/09/04 13:53:06 [error] [exception.CHttpException.404] exception 'CHttpException' with message 'Unable to resolve the request "mineros/create".' in /media/particionWindows/sitios/yii-1.1.14.f0fee9/framework/web/CWebApplication.php:286
Stack trace:
#0 /media/particionWindows/sitios/yii-1.1.14.f0fee9/framework/web/CWebApplication.php(141): CWebApplication->runController('mineros/create')
#1 /media/particionWindows/sitios/yii-1.1.14.f0fee9/framework/base/CApplication.php(180): CWebApplication->processRequest()
#2 /media/particionWindows/sitios/directoriominero/index.php(13): CApplication->run()
#3 {main}
REQUEST_URI=/index.php?r=mineros/create
---
2013/09/04 13:53:12 [error] [exception.CHttpException.404] exception 'CHttpException' with message 'Unable to resolve the request "minera/create".' in /media/particionWindows/sitios/yii-1.1.14.f0fee9/framework/web/CWebApplication.php:286
Stack trace:
#0 /media/particionWindows/sitios/yii-1.1.14.f0fee9/framework/web/CWebApplication.php(141): CWebApplication->runController('minera/create')
#1 /media/particionWindows/sitios/yii-1.1.14.f0fee9/framework/base/CApplication.php(180): CWebApplication->processRequest()
#2 /media/particionWindows/sitios/directoriominero/index.php(13): CApplication->run()
#3 {main}
REQUEST_URI=/index.php?r=minera/create
---
2013/09/04 21:24:24 [error] [exception.CHttpException.404] exception 'CHttpException' with message 'The system is unable to find the requested action "list".' in /media/particionWindows/sitios/yii-1.1.14.f0fee9/framework/web/CController.php:483
Stack trace:
#0 /media/particionWindows/sitios/yii-1.1.14.f0fee9/framework/web/CController.php(270): CController->missingAction('list')
#1 /media/particionWindows/sitios/yii-1.1.14.f0fee9/framework/web/CWebApplication.php(282): CController->run('list')
#2 /media/particionWindows/sitios/yii-1.1.14.f0fee9/framework/web/CWebApplication.php(141): CWebApplication->runController('mineras/list')
#3 /media/particionWindows/sitios/yii-1.1.14.f0fee9/framework/base/CApplication.php(180): CWebApplication->processRequest()
#4 /media/particionWindows/sitios/directoriominero/index.php(13): CApplication->run()
#5 {main}
REQUEST_URI=/index.php?r=mineras/list
---
2013/09/05 01:26:41 [error] [exception.CException] exception 'CException' with message 'Property "Mineras.logo" is not defined.' in /media/particionWindows/sitios/yii-1.1.14.f0fee9/framework/base/CComponent.php:130
Stack trace:
#0 /media/particionWindows/sitios/yii-1.1.14.f0fee9/framework/db/ar/CActiveRecord.php(145): CComponent->__get('logo')
#1 /media/particionWindows/sitios/directoriominero/protected/views/mineras/_view.php(12): CActiveRecord->__get('logo')
#2 /media/particionWindows/sitios/yii-1.1.14.f0fee9/framework/web/CBaseController.php(130): require('/media/particio...')
#3 /media/particionWindows/sitios/yii-1.1.14.f0fee9/framework/web/CBaseController.php(95): CBaseController->renderInternal('/media/particio...', Array, false)
#4 /media/particionWindows/sitios/yii-1.1.14.f0fee9/framework/zii/widgets/CListView.php(291): CBaseController->renderFile('/media/particio...', Array)
#5 /media/particionWindows/sitios/yii-1.1.14.f0fee9/framework/zii/widgets/CBaseListView.php(167): CListView->renderItems()
#6 [internal function]: CBaseListView->renderSection(Array)
#7 /media/particionWindows/sitios/yii-1.1.14.f0fee9/framework/zii/widgets/CBaseListView.php(150): preg_replace_callback('/{(\w+)}/', Array, '{summary}?{sort...')
#8 /media/particionWindows/sitios/yii-1.1.14.f0fee9/framework/zii/widgets/CBaseListView.php(135): CBaseListView->renderContent()
#9 /media/particionWindows/sitios/yii-1.1.14.f0fee9/framework/web/CBaseController.php(173): CBaseListView->run()
#10 /media/particionWindows/sitios/directoriominero/protected/views/mineras/index.php(20): CBaseController->widget('zii.widgets.CLi...', Array)
#11 /media/particionWindows/sitios/yii-1.1.14.f0fee9/framework/web/CBaseController.php(126): require('/media/particio...')
#12 /media/particionWindows/sitios/yii-1.1.14.f0fee9/framework/web/CBaseController.php(95): CBaseController->renderInternal('/media/particio...', Array, true)
#13 /media/particionWindows/sitios/yii-1.1.14.f0fee9/framework/web/CController.php(869): CBaseController->renderFile('/media/particio...', Array, true)
#14 /media/particionWindows/sitios/yii-1.1.14.f0fee9/framework/web/CController.php(782): CController->renderPartial('index', Array, true)
#15 /media/particionWindows/sitios/directoriominero/protected/controllers/MinerasController.php(128): CController->render('index', Array)
#16 /media/particionWindows/sitios/yii-1.1.14.f0fee9/framework/web/actions/CInlineAction.php(49): MinerasController->actionIndex()
#17 /media/particionWindows/sitios/yii-1.1.14.f0fee9/framework/web/CController.php(308): CInlineAction->runWithParams(Array)
#18 /media/particionWindows/sitios/yii-1.1.14.f0fee9/framework/web/filters/CFilterChain.php(133): CController->runAction(Object(CInlineAction))
#19 /media/particionWindows/sitios/yii-1.1.14.f0fee9/framework/web/filters/CFilter.php(40): CFilterChain->run()
#20 /media/particionWindows/sitios/yii-1.1.14.f0fee9/framework/web/CController.php(1145): CFilter->filter(Object(CFilterChain))
#21 /media/particionWindows/sitios/yii-1.1.14.f0fee9/framework/web/filters/CInlineFilter.php(58): CController->filterAccessControl(Object(CFilterChain))
#22 /media/particionWindows/sitios/yii-1.1.14.f0fee9/framework/web/filters/CFilterChain.php(130): CInlineFilter->filter(Object(CFilterChain))
#23 /media/particionWindows/sitios/yii-1.1.14.f0fee9/framework/web/CController.php(291): CFilterChain->run()
#24 /media/particionWindows/sitios/yii-1.1.14.f0fee9/framework/web/CController.php(265): CController->runActionWithFilters(Object(CInlineAction), Array)
#25 /media/particionWindows/sitios/yii-1.1.14.f0fee9/framework/web/CWebApplication.php(282): CController->run('index')
#26 /media/particionWindows/sitios/yii-1.1.14.f0fee9/framework/web/CWebApplication.php(141): CWebApplication->runController('mineras/index')
#27 /media/particionWindows/sitios/yii-1.1.14.f0fee9/framework/base/CApplication.php(180): CWebApplication->processRequest()
#28 /media/particionWindows/sitios/directoriominero/index.php(13): CApplication->run()
#29 {main}
REQUEST_URI=/index.php?r=mineras/index&Mineras_page=2
HTTP_REFERER=http://www.directoriominero.org/index.php?r=mineras/index
---
